<?xml version="1.0" encoding="UTF-8"?>
<!-- Generated by org.testng.reporters.JUnitReportReporter -->
<testsuite hostname="LAPTOP-BG1H6HQE" failures="0" tests="1" name="com.qa.tests.TestCustomer" time="4.451" errors="0" timestamp="13 Sep 2020 08:08:42 GMT" skipped="0">
  <testcase classname="com.qa.tests.TestCustomer" name="testInvalidCustomerDetails" time="4.451"/>
</testsuite> <!-- com.qa.tests.TestCustomer -->
