<?xml version="1.0" encoding="UTF-8"?>
<!-- Generated by org.testng.reporters.JUnitReportReporter -->
<testsuite hostname="LAPTOP-BG1H6HQE" failures="0" tests="1" name="com.qa.tests.TestDisplayCustomer" time="4.221" errors="0" timestamp="13 Sep 2020 08:08:42 GMT" skipped="0">
  <testcase classname="com.qa.tests.TestDisplayCustomer" name="testValidCustomerDetails" time="4.221"/>
</testsuite> <!-- com.qa.tests.TestDisplayCustomer -->
